<?xml version="1.0" encoding="UTF-8"?>
<!-- Generated by org.testng.reporters.JUnitReportReporter -->
<testsuite skipped="0" hostname="inspire-PC" name="sampletest.SampleTest" tests="1" failures="0" timestamp="24 May 2018 19:42:55 GMT" time="9.619" errors="0">
  <testcase name="loginTest" time="9.619" classname="sampletest.SampleTest"/>
</testsuite> <!-- sampletest.SampleTest -->
